26-04-2020 23:55:17.478 [main] INFO  f.p.health.FiipracticApplication.logStarting - Starting FiipracticApplication on DESKTOP-3JQD55O with PID 2628 (D:\facultate\An3\yonder\proiect_final\target\classes started by Georgiana in D:\facultate\An3\yonder\proiect_final)
26-04-2020 23:55:17.494 [main] INFO  f.p.health.FiipracticApplication.logStartupProfileInfo - The following profiles are active: dev
26-04-2020 23:55:18.767 [main] INFO  o.s.d.r.c.RepositoryConfigurationDelegate.registerRepositoriesIn - Bootstrapping Spring Data JPA repositories in DEFAULT mode.
26-04-2020 23:55:18.846 [main] INFO  o.s.d.r.c.RepositoryConfigurationDelegate.registerRepositoriesIn - Finished Spring Data repository scanning in 69ms. Found 3 JPA repository interfaces.
26-04-2020 23:55:19.329 [main] INFO  o.s.b.w.e.tomcat.TomcatWebServer.initialize - Tomcat initialized with port(s): 8081 (http)
26-04-2020 23:55:19.336 [main] INFO  o.a.coyote.http11.Http11NioProtocol.log - Initializing ProtocolHandler ["http-nio-8081"]
26-04-2020 23:55:19.337 [main] INFO  o.a.catalina.core.StandardService.log - Starting service [Tomcat]
26-04-2020 23:55:19.337 [main] INFO  o.a.catalina.core.StandardEngine.log - Starting Servlet engine: [Apache Tomcat/9.0.31]
26-04-2020 23:55:19.491 [main] INFO  o.a.c.c.C.[Tomcat].[localhost].[/].log - Initializing Spring embedded WebApplicationContext
26-04-2020 23:55:19.492 [main] INFO  o.s.web.context.ContextLoader.prepareWebApplicationContext - Root WebApplicationContext: initialization completed in 1936 ms
26-04-2020 23:55:19.648 [main] INFO  o.h.jpa.internal.util.LogHelper.logPersistenceUnitInformation - HHH000204: Processing PersistenceUnitInfo [name: default]
26-04-2020 23:55:19.713 [main] INFO  org.hibernate.Version.logVersion - HHH000412: Hibernate ORM core version 5.4.12.Final
26-04-2020 23:55:19.905 [main] INFO  o.h.annotations.common.Version.<clinit> - HCANN000001: Hibernate Commons Annotations {5.1.0.Final}
26-04-2020 23:55:19.982 [main] INFO  com.zaxxer.hikari.HikariDataSource.getConnection - HikariPool-1 - Starting...
26-04-2020 23:55:20.091 [main] INFO  com.zaxxer.hikari.HikariDataSource.getConnection - HikariPool-1 - Start completed.
26-04-2020 23:55:20.107 [main] INFO  org.hibernate.dialect.Dialect.<init> - HHH000400: Using dialect: org.hibernate.dialect.PostgreSQL9Dialect
26-04-2020 23:55:21.313 [main] INFO  o.h.e.t.j.p.i.JtaPlatformInitiator.initiateService - HHH000490: Using JtaPlatform implementation: [org.hibernate.engine.transaction.jta.platform.internal.NoJtaPlatform]
26-04-2020 23:55:21.324 [main] INFO  o.s.o.j.LocalContainerEntityManagerFactoryBean.buildNativeEntityManagerFactory - Initialized JPA EntityManagerFactory for persistence unit 'default'
26-04-2020 23:55:22.339 [main] WARN  o.s.b.a.o.j.JpaBaseConfiguration$JpaWebConfiguration.openEntityManagerInViewInterceptor - spring.jpa.open-in-view is enabled by default. Therefore, database queries may be performed during view rendering. Explicitly configure spring.jpa.open-in-view to disable this warning
26-04-2020 23:55:22.457 [main] INFO  s.d.s.w.PropertySourcedRequestMappingHandlerMapping.initHandlerMethods - Mapped URL path [/v2/api-docs] onto method [springfox.documentation.swagger2.web.Swagger2Controller#getDocumentation(String, HttpServletRequest)]
26-04-2020 23:55:22.558 [main] INFO  o.s.s.c.ThreadPoolTaskExecutor.initialize - Initializing ExecutorService 'applicationTaskExecutor'
26-04-2020 23:55:22.668 [main] INFO  o.s.s.c.ThreadPoolTaskScheduler.initialize - Initializing ExecutorService 'taskScheduler'
26-04-2020 23:55:22.696 [main] INFO  s.d.s.w.p.DocumentationPluginsBootstrapper.start - Context refreshed
26-04-2020 23:55:22.711 [main] INFO  s.d.s.w.p.DocumentationPluginsBootstrapper.start - Found 1 custom documentation plugin(s)
26-04-2020 23:55:22.779 [main] INFO  s.d.s.w.s.ApiListingReferenceScanner.scan - Scanning for api listing references
26-04-2020 23:55:22.890 [main] INFO  s.d.s.w.r.o.CachingOperationNameGenerator.startingWith - Generating unique operation named: getFutureAppointmentsUsingGET_1
26-04-2020 23:55:23.206 [main] INFO  s.d.s.w.r.o.CachingOperationNameGenerator.startingWith - Generating unique operation named: saveUsingPOST_1
26-04-2020 23:55:23.222 [main] INFO  s.d.s.w.r.o.CachingOperationNameGenerator.startingWith - Generating unique operation named: deleteUsingDELETE_1
26-04-2020 23:55:23.222 [main] INFO  s.d.s.w.r.o.CachingOperationNameGenerator.startingWith - Generating unique operation named: getByIdUsingGET_1
26-04-2020 23:55:23.222 [main] INFO  s.d.s.w.r.o.CachingOperationNameGenerator.startingWith - Generating unique operation named: patchUsingPATCH_1
26-04-2020 23:55:23.243 [main] INFO  s.d.s.w.r.o.CachingOperationNameGenerator.startingWith - Generating unique operation named: saveUsingPOST_2
26-04-2020 23:55:23.247 [main] INFO  s.d.s.w.r.o.CachingOperationNameGenerator.startingWith - Generating unique operation named: updateUsingPUT_1
26-04-2020 23:55:23.267 [main] INFO  o.a.coyote.http11.Http11NioProtocol.log - Starting ProtocolHandler ["http-nio-8081"]
26-04-2020 23:55:23.292 [main] INFO  o.s.b.w.e.tomcat.TomcatWebServer.start - Tomcat started on port(s): 8081 (http) with context path ''
26-04-2020 23:55:23.295 [main] INFO  f.p.health.FiipracticApplication.logStarted - Started FiipracticApplication in 6.483 seconds (JVM running for 8.082)
26-04-2020 23:56:18.430 [http-nio-8081-exec-1] INFO  o.a.c.c.C.[Tomcat].[localhost].[/].log - Initializing Spring DispatcherServlet 'dispatcherServlet'
26-04-2020 23:56:18.430 [http-nio-8081-exec-1] INFO  o.s.web.servlet.DispatcherServlet.initServletBean - Initializing Servlet 'dispatcherServlet'
26-04-2020 23:56:18.462 [http-nio-8081-exec-1] INFO  o.s.web.servlet.DispatcherServlet.initServletBean - Completed initialization in 32 ms
27-04-2020 00:01:30.556 [main] INFO  f.p.health.FiipracticApplication.logStarting - Starting FiipracticApplication on DESKTOP-3JQD55O with PID 2784 (D:\facultate\An3\yonder\proiect_final\target\classes started by Georgiana in D:\facultate\An3\yonder\proiect_final)
27-04-2020 00:01:30.556 [main] INFO  f.p.health.FiipracticApplication.logStartupProfileInfo - The following profiles are active: dev
27-04-2020 00:01:32.141 [main] INFO  o.s.d.r.c.RepositoryConfigurationDelegate.registerRepositoriesIn - Bootstrapping Spring Data JPA repositories in DEFAULT mode.
27-04-2020 00:01:32.274 [main] INFO  o.s.d.r.c.RepositoryConfigurationDelegate.registerRepositoriesIn - Finished Spring Data repository scanning in 117ms. Found 3 JPA repository interfaces.
27-04-2020 00:01:33.297 [main] INFO  o.s.b.w.e.tomcat.TomcatWebServer.initialize - Tomcat initialized with port(s): 8081 (http)
27-04-2020 00:01:33.308 [main] INFO  o.a.coyote.http11.Http11NioProtocol.log - Initializing ProtocolHandler ["http-nio-8081"]
27-04-2020 00:01:33.309 [main] INFO  o.a.catalina.core.StandardService.log - Starting service [Tomcat]
27-04-2020 00:01:33.310 [main] INFO  o.a.catalina.core.StandardEngine.log - Starting Servlet engine: [Apache Tomcat/9.0.31]
27-04-2020 00:01:33.437 [main] INFO  o.a.c.c.C.[Tomcat].[localhost].[/].log - Initializing Spring embedded WebApplicationContext
27-04-2020 00:01:33.437 [main] INFO  o.s.web.context.ContextLoader.prepareWebApplicationContext - Root WebApplicationContext: initialization completed in 2725 ms
27-04-2020 00:01:33.600 [main] INFO  o.h.jpa.internal.util.LogHelper.logPersistenceUnitInformation - HHH000204: Processing PersistenceUnitInfo [name: default]
27-04-2020 00:01:33.666 [main] INFO  org.hibernate.Version.logVersion - HHH000412: Hibernate ORM core version 5.4.12.Final
27-04-2020 00:01:33.869 [main] INFO  o.h.annotations.common.Version.<clinit> - HCANN000001: Hibernate Commons Annotations {5.1.0.Final}
27-04-2020 00:01:33.959 [main] INFO  com.zaxxer.hikari.HikariDataSource.getConnection - HikariPool-1 - Starting...
27-04-2020 00:01:34.094 [main] INFO  com.zaxxer.hikari.HikariDataSource.getConnection - HikariPool-1 - Start completed.
27-04-2020 00:01:34.116 [main] INFO  org.hibernate.dialect.Dialect.<init> - HHH000400: Using dialect: org.hibernate.dialect.PostgreSQL9Dialect
27-04-2020 00:01:35.159 [main] INFO  o.h.e.t.j.p.i.JtaPlatformInitiator.initiateService - HHH000490: Using JtaPlatform implementation: [org.hibernate.engine.transaction.jta.platform.internal.NoJtaPlatform]
27-04-2020 00:01:35.172 [main] INFO  o.s.o.j.LocalContainerEntityManagerFactoryBean.buildNativeEntityManagerFactory - Initialized JPA EntityManagerFactory for persistence unit 'default'
27-04-2020 00:01:36.255 [main] WARN  o.s.b.a.o.j.JpaBaseConfiguration$JpaWebConfiguration.openEntityManagerInViewInterceptor - spring.jpa.open-in-view is enabled by default. Therefore, database queries may be performed during view rendering. Explicitly configure spring.jpa.open-in-view to disable this warning
27-04-2020 00:01:36.398 [main] INFO  s.d.s.w.PropertySourcedRequestMappingHandlerMapping.initHandlerMethods - Mapped URL path [/v2/api-docs] onto method [springfox.documentation.swagger2.web.Swagger2Controller#getDocumentation(String, HttpServletRequest)]
27-04-2020 00:01:36.515 [main] INFO  o.s.s.c.ThreadPoolTaskExecutor.initialize - Initializing ExecutorService 'applicationTaskExecutor'
27-04-2020 00:01:36.623 [main] INFO  o.s.s.c.ThreadPoolTaskScheduler.initialize - Initializing ExecutorService 'taskScheduler'
27-04-2020 00:01:36.653 [main] INFO  s.d.s.w.p.DocumentationPluginsBootstrapper.start - Context refreshed
27-04-2020 00:01:36.668 [main] INFO  s.d.s.w.p.DocumentationPluginsBootstrapper.start - Found 1 custom documentation plugin(s)
27-04-2020 00:01:36.772 [main] INFO  s.d.s.w.s.ApiListingReferenceScanner.scan - Scanning for api listing references
27-04-2020 00:01:36.946 [main] INFO  s.d.s.w.r.o.CachingOperationNameGenerator.startingWith - Generating unique operation named: getFutureAppointmentsUsingGET_1
27-04-2020 00:01:37.266 [main] INFO  s.d.s.w.r.o.CachingOperationNameGenerator.startingWith - Generating unique operation named: saveUsingPOST_1
27-04-2020 00:01:37.281 [main] INFO  s.d.s.w.r.o.CachingOperationNameGenerator.startingWith - Generating unique operation named: deleteUsingDELETE_1
27-04-2020 00:01:37.286 [main] INFO  s.d.s.w.r.o.CachingOperationNameGenerator.startingWith - Generating unique operation named: getByIdUsingGET_1
27-04-2020 00:01:37.301 [main] INFO  s.d.s.w.r.o.CachingOperationNameGenerator.startingWith - Generating unique operation named: patchUsingPATCH_1
27-04-2020 00:01:37.307 [main] INFO  s.d.s.w.r.o.CachingOperationNameGenerator.startingWith - Generating unique operation named: saveUsingPOST_2
27-04-2020 00:01:37.315 [main] INFO  s.d.s.w.r.o.CachingOperationNameGenerator.startingWith - Generating unique operation named: updateUsingPUT_1
27-04-2020 00:01:37.349 [main] INFO  o.a.coyote.http11.Http11NioProtocol.log - Starting ProtocolHandler ["http-nio-8081"]
27-04-2020 00:01:37.381 [main] INFO  o.s.b.w.e.tomcat.TomcatWebServer.start - Tomcat started on port(s): 8081 (http) with context path ''
27-04-2020 00:01:37.385 [main] INFO  f.p.health.FiipracticApplication.logStarted - Started FiipracticApplication in 7.491 seconds (JVM running for 9.199)
